<?xml version="1.0" encoding="UTF-8"?>
<!-- Generated by org.testng.reporters.JUnitXMLReporter -->
<testsuite ignored="7" hostname="DESKTOP-5U485HB" failures="0" tests="7" name="Command line test" time="3.631" errors="0" timestamp="2022-07-15T16:48:05 IST">
  <testcase classname="Tests.BaseTest" name="@BeforeTest setup" time="-1.657883881922E9">
    <failure type="org.testng.TestNGException" message="
Parameter &amp;apos;browser&amp;apos; is required by BeforeTest on method setup but has not been marked @Optional or defined
">
      <![CDATA[org.testng.TestNGException: 
Parameter 'browser' is required by BeforeTest on method setup but has not been marked @Optional or defined

... Removed 31 stack frames]]>
    </failure>
  </testcase> <!-- @BeforeTest setup -->
  <testcase classname="Tests.BaseTest" name="@AfterTest tearDown" time="-1.657883885548E9">
    <skipped/>
  </testcase> <!-- @AfterTest tearDown -->
  <testcase classname="Tests.DataProviderTest" name="TestData" time="0.0">
    <skipped/>
  </testcase> <!-- TestData -->
  <testcase classname="Tests.DataProviderTest" name="TestData" time="0.0">
    <skipped/>
  </testcase> <!-- TestData -->
  <testcase classname="Tests.DataProviderTest" name="TestData" time="0.0">
    <skipped/>
  </testcase> <!-- TestData -->
  <testcase classname="Tests.DataProviderTest" name="TestData" time="0.0">
    <skipped/>
  </testcase> <!-- TestData -->
  <testcase classname="Tests.DataProviderTest" name="TestData" time="0.0">
    <skipped/>
  </testcase> <!-- TestData -->
  <testcase classname="Tests.HomePageTest" name="verifyPageTitle" time="0.0">
    <skipped/>
  </testcase> <!-- verifyPageTitle -->
  <testcase classname="Tests.SearchResultsPageTest" name="verifySearchButtonFunctionality" time="0.0">
    <skipped/>
  </testcase> <!-- verifySearchButtonFunctionality -->
  <testcase classname="Tests.SearchResultsPageTest" name="getTotalRows" time="0.0">
    <ignored/>
  </testcase> <!-- getTotalRows -->
  <testcase classname="Tests.BaseTest" name="@AfterTest tearDown" time="0.0">
    <ignored/>
  </testcase> <!-- @AfterTest tearDown -->
  <testcase classname="Tests.BaseTest" name="@AfterTest tearDown" time="0.0">
    <ignored/>
  </testcase> <!-- @AfterTest tearDown -->
  <testcase classname="Tests.BaseTest" name="@AfterTest tearDown" time="0.0">
    <ignored/>
  </testcase> <!-- @AfterTest tearDown -->
  <testcase classname="Tests.BaseTest" name="@BeforeTest setup" time="0.0">
    <ignored/>
  </testcase> <!-- @BeforeTest setup -->
  <testcase classname="Tests.BaseTest" name="@BeforeTest setup" time="0.0">
    <ignored/>
  </testcase> <!-- @BeforeTest setup -->
  <testcase classname="Tests.BaseTest" name="@BeforeTest setup" time="0.0">
    <ignored/>
  </testcase> <!-- @BeforeTest setup -->
</testsuite> <!-- Command line test -->
